{"/Users/agiammarchi/git/circular-json/build/circular-json.node.js":{"path":"/Users/agiammarchi/git/circular-json/build/circular-json.node.js","s":{"1":1,"2":153,"3":153,"4":1,"5":20,"6":20,"7":4,"8":5,"9":20,"10":133,"11":15,"12":133,"13":113,"14":25,"15":25,"16":25,"17":25,"18":25,"19":113,"20":64,"21":48,"22":64,"23":64,"24":64,"25":36,"26":36,"27":35,"28":35,"29":1,"30":28,"31":49,"32":21,"33":133,"34":1,"35":11,"36":11,"37":1,"38":15,"39":112,"40":112,"41":25,"42":87,"43":16,"44":87,"45":23,"46":87,"47":1,"48":9,"49":16,"50":9,"51":1,"52":42,"53":86,"54":83,"55":42,"56":1,"57":115,"58":1,"59":20,"60":15,"61":1},"b":{"1":[1,1],"2":[448,364],"3":[19,1],"4":[4,16],"5":[1,3],"6":[2,3],"7":[5,4],"8":[15,118],"9":[113,20],"10":[133,21],"11":[25,88],"12":[64,49],"13":[113,64],"14":[48,16],"15":[36,28],"16":[35,1],"17":[21,28],"18":[49,21],"19":[25,87],"20":[112,48],"21":[16,71],"22":[23,64],"23":[3,84],"24":[83,3],"25":[9,106],"26":[25,81],"27":[17,8],"28":[6,11],"29":[42,39]},"f":{"1":153,"2":20,"3":5,"4":133,"5":11,"6":15,"7":112,"8":9,"9":42,"10":115,"11":20,"12":15},"fnMap":{"1":{"name":"(anonymous_1)","line":38,"loc":{"start":{"line":38,"column":26},"end":{"line":38,"column":37}}},"2":{"name":"generateReplacer","line":47,"loc":{"start":{"line":47,"column":0},"end":{"line":47,"column":52}}},"3":{"name":"(anonymous_3)","line":60,"loc":{"start":{"line":60,"column":6},"end":{"line":60,"column":28}}},"4":{"name":"(anonymous_4)","line":65,"loc":{"start":{"line":65,"column":9},"end":{"line":65,"column":30}}},"5":{"name":"retrieveFromPath","line":119,"loc":{"start":{"line":119,"column":0},"end":{"line":119,"column":41}}},"6":{"name":"generateReviver","line":127,"loc":{"start":{"line":127,"column":0},"end":{"line":127,"column":34}}},"7":{"name":"(anonymous_7)","line":128,"loc":{"start":{"line":128,"column":9},"end":{"line":128,"column":30}}},"8":{"name":"regenerateArray","line":142,"loc":{"start":{"line":142,"column":0},"end":{"line":142,"column":50}}},"9":{"name":"regenerateObject","line":149,"loc":{"start":{"line":149,"column":0},"end":{"line":149,"column":51}}},"10":{"name":"regenerate","line":158,"loc":{"start":{"line":158,"column":0},"end":{"line":158,"column":45}}},"11":{"name":"stringify","line":188,"loc":{"start":{"line":188,"column":13},"end":{"line":188,"column":70}}},"12":{"name":"parse","line":195,"loc":{"start":{"line":195,"column":9},"end":{"line":195,"column":39}}}},"statementMap":{"1":{"start":{"line":23,"column":0},"end":{"line":45,"column":1}},"2":{"start":{"line":39,"column":4},"end":{"line":39,"column":45}},"3":{"start":{"line":40,"column":4},"end":{"line":40,"column":13}},"4":{"start":{"line":47,"column":0},"end":{"line":117,"column":1}},"5":{"start":{"line":48,"column":2},"end":{"line":57,"column":3}},"6":{"start":{"line":58,"column":2},"end":{"line":64,"column":3}},"7":{"start":{"line":59,"column":4},"end":{"line":63,"column":15}},"8":{"start":{"line":61,"column":8},"end":{"line":61,"column":72}},"9":{"start":{"line":65,"column":2},"end":{"line":116,"column":4}},"10":{"start":{"line":70,"column":4},"end":{"line":70,"column":51}},"11":{"start":{"line":70,"column":17},"end":{"line":70,"column":51}},"12":{"start":{"line":76,"column":4},"end":{"line":114,"column":5}},"13":{"start":{"line":77,"column":6},"end":{"line":83,"column":7}},"14":{"start":{"line":78,"column":8},"end":{"line":78,"column":46}},"15":{"start":{"line":79,"column":8},"end":{"line":79,"column":17}},"16":{"start":{"line":80,"column":8},"end":{"line":80,"column":36}},"17":{"start":{"line":81,"column":8},"end":{"line":81,"column":42}},"18":{"start":{"line":82,"column":8},"end":{"line":82,"column":20}},"19":{"start":{"line":85,"column":6},"end":{"line":113,"column":7}},"20":{"start":{"line":88,"column":8},"end":{"line":90,"column":9}},"21":{"start":{"line":89,"column":10},"end":{"line":89,"column":33}},"22":{"start":{"line":91,"column":8},"end":{"line":91,"column":25}},"23":{"start":{"line":92,"column":8},"end":{"line":92,"column":38}},"24":{"start":{"line":93,"column":8},"end":{"line":104,"column":9}},"25":{"start":{"line":94,"column":10},"end":{"line":94,"column":35}},"26":{"start":{"line":95,"column":10},"end":{"line":101,"column":11}},"27":{"start":{"line":97,"column":12},"end":{"line":97,"column":74}},"28":{"start":{"line":98,"column":12},"end":{"line":98,"column":59}},"29":{"start":{"line":100,"column":12},"end":{"line":100,"column":30}},"30":{"start":{"line":103,"column":10},"end":{"line":103,"column":26}},"31":{"start":{"line":106,"column":8},"end":{"line":112,"column":9}},"32":{"start":{"line":110,"column":10},"end":{"line":111,"column":63}},"33":{"start":{"line":115,"column":4},"end":{"line":115,"column":17}},"34":{"start":{"line":119,"column":0},"end":{"line":125,"column":1}},"35":{"start":{"line":120,"column":2},"end":{"line":123,"column":5}},"36":{"start":{"line":124,"column":2},"end":{"line":124,"column":17}},"37":{"start":{"line":127,"column":0},"end":{"line":140,"column":1}},"38":{"start":{"line":128,"column":2},"end":{"line":139,"column":4}},"39":{"start":{"line":129,"column":4},"end":{"line":129,"column":45}},"40":{"start":{"line":130,"column":4},"end":{"line":132,"column":5}},"41":{"start":{"line":131,"column":6},"end":{"line":131,"column":41}},"42":{"start":{"line":133,"column":4},"end":{"line":133,"column":57}},"43":{"start":{"line":133,"column":20},"end":{"line":133,"column":57}},"44":{"start":{"line":136,"column":4},"end":{"line":137,"column":82}},"45":{"start":{"line":136,"column":18},"end":{"line":137,"column":82}},"46":{"start":{"line":138,"column":4},"end":{"line":138,"column":60}},"47":{"start":{"line":142,"column":0},"end":{"line":147,"column":1}},"48":{"start":{"line":143,"column":2},"end":{"line":145,"column":3}},"49":{"start":{"line":144,"column":4},"end":{"line":144,"column":56}},"50":{"start":{"line":146,"column":2},"end":{"line":146,"column":17}},"51":{"start":{"line":149,"column":0},"end":{"line":156,"column":1}},"52":{"start":{"line":150,"column":2},"end":{"line":154,"column":3}},"53":{"start":{"line":151,"column":4},"end":{"line":153,"column":5}},"54":{"start":{"line":152,"column":6},"end":{"line":152,"column":62}},"55":{"start":{"line":155,"column":2},"end":{"line":155,"column":17}},"56":{"start":{"line":158,"column":0},"end":{"line":185,"column":1}},"57":{"start":{"line":159,"column":2},"end":{"line":184,"column":3}},"58":{"start":{"line":187,"column":0},"end":{"line":205,"column":2}},"59":{"start":{"line":189,"column":4},"end":{"line":193,"column":6}},"60":{"start":{"line":196,"column":4},"end":{"line":199,"column":6}},"61":{"start":{"line":207,"column":0},"end":{"line":207,"column":30}}},"branchMap":{"1":{"line":38,"type":"binary-expr","locations":[{"start":{"line":38,"column":12},"end":{"line":38,"column":22}},{"start":{"line":38,"column":26},"end":{"line":41,"column":3}}]},"2":{"line":39,"type":"binary-expr","locations":[{"start":{"line":39,"column":26},"end":{"line":39,"column":29}},{"start":{"line":39,"column":31},"end":{"line":39,"column":42}}]},"3":{"line":53,"type":"cond-expr","locations":[{"start":{"line":53,"column":22},"end":{"line":53,"column":33}},{"start":{"line":53,"column":36},"end":{"line":53,"column":48}}]},"4":{"line":58,"type":"if","locations":[{"start":{"line":58,"column":2},"end":{"line":58,"column":2}},{"start":{"line":58,"column":2},"end":{"line":58,"column":2}}]},"5":{"line":59,"type":"cond-expr","locations":[{"start":{"line":60,"column":6},"end":{"line":62,"column":7}},{"start":{"line":63,"column":6},"end":{"line":63,"column":14}}]},"6":{"line":61,"type":"cond-expr","locations":[{"start":{"line":61,"column":57},"end":{"line":61,"column":63}},{"start":{"line":61,"column":66},"end":{"line":61,"column":71}}]},"7":{"line":61,"type":"binary-expr","locations":[{"start":{"line":61,"column":15},"end":{"line":61,"column":25}},{"start":{"line":61,"column":29},"end":{"line":61,"column":54}}]},"8":{"line":70,"type":"if","locations":[{"start":{"line":70,"column":4},"end":{"line":70,"column":4}},{"start":{"line":70,"column":4},"end":{"line":70,"column":4}}]},"9":{"line":76,"type":"if","locations":[{"start":{"line":76,"column":4},"end":{"line":76,"column":4}},{"start":{"line":76,"column":4},"end":{"line":76,"column":4}}]},"10":{"line":76,"type":"binary-expr","locations":[{"start":{"line":76,"column":8},"end":{"line":76,"column":18}},{"start":{"line":76,"column":22},"end":{"line":76,"column":38}}]},"11":{"line":77,"type":"if","locations":[{"start":{"line":77,"column":6},"end":{"line":77,"column":6}},{"start":{"line":77,"column":6},"end":{"line":77,"column":6}}]},"12":{"line":85,"type":"if","locations":[{"start":{"line":85,"column":6},"end":{"line":85,"column":6}},{"start":{"line":85,"column":6},"end":{"line":85,"column":6}}]},"13":{"line":85,"type":"binary-expr","locations":[{"start":{"line":85,"column":10},"end":{"line":85,"column":35}},{"start":{"line":85,"column":39},"end":{"line":85,"column":44}}]},"14":{"line":88,"type":"if","locations":[{"start":{"line":88,"column":8},"end":{"line":88,"column":8}},{"start":{"line":88,"column":8},"end":{"line":88,"column":8}}]},"15":{"line":93,"type":"if","locations":[{"start":{"line":93,"column":8},"end":{"line":93,"column":8}},{"start":{"line":93,"column":8},"end":{"line":93,"column":8}}]},"16":{"line":95,"type":"if","locations":[{"start":{"line":95,"column":10},"end":{"line":95,"column":10}},{"start":{"line":95,"column":10},"end":{"line":95,"column":10}}]},"17":{"line":106,"type":"if","locations":[{"start":{"line":106,"column":8},"end":{"line":106,"column":8}},{"start":{"line":106,"column":8},"end":{"line":106,"column":8}}]},"18":{"line":106,"type":"binary-expr","locations":[{"start":{"line":106,"column":12},"end":{"line":106,"column":37}},{"start":{"line":106,"column":41},"end":{"line":106,"column":48}}]},"19":{"line":130,"type":"if","locations":[{"start":{"line":130,"column":4},"end":{"line":130,"column":4}},{"start":{"line":130,"column":4},"end":{"line":130,"column":4}}]},"20":{"line":130,"type":"binary-expr","locations":[{"start":{"line":130,"column":8},"end":{"line":130,"column":16}},{"start":{"line":130,"column":20},"end":{"line":130,"column":51}}]},"21":{"line":133,"type":"if","locations":[{"start":{"line":133,"column":4},"end":{"line":133,"column":4}},{"start":{"line":133,"column":4},"end":{"line":133,"column":4}}]},"22":{"line":136,"type":"if","locations":[{"start":{"line":136,"column":4},"end":{"line":136,"column":4}},{"start":{"line":136,"column":4},"end":{"line":136,"column":4}}]},"23":{"line":138,"type":"cond-expr","locations":[{"start":{"line":138,"column":21},"end":{"line":138,"column":51}},{"start":{"line":138,"column":54},"end":{"line":138,"column":59}}]},"24":{"line":151,"type":"if","locations":[{"start":{"line":151,"column":4},"end":{"line":151,"column":4}},{"start":{"line":151,"column":4},"end":{"line":151,"column":4}}]},"25":{"line":159,"type":"cond-expr","locations":[{"start":{"line":161,"column":4},"end":{"line":161,"column":44}},{"start":{"line":163,"column":6},"end":{"line":182,"column":9}}]},"26":{"line":163,"type":"cond-expr","locations":[{"start":{"line":166,"column":10},"end":{"line":174,"column":16}},{"start":{"line":177,"column":10},"end":{"line":181,"column":19}}]},"27":{"line":166,"type":"cond-expr","locations":[{"start":{"line":168,"column":14},"end":{"line":172,"column":17}},{"start":{"line":174,"column":12},"end":{"line":174,"column":16}}]},"28":{"line":168,"type":"cond-expr","locations":[{"start":{"line":169,"column":16},"end":{"line":169,"column":33}},{"start":{"line":170,"column":16},"end":{"line":172,"column":17}}]},"29":{"line":177,"type":"cond-expr","locations":[{"start":{"line":179,"column":12},"end":{"line":179,"column":53}},{"start":{"line":181,"column":12},"end":{"line":181,"column":19}}]}}}}