TN:
SF:/Users/agiammarchi/git/circular-json/build/circular-json.node.js
FN:38,(anonymous_1)
FN:47,generateReplacer
FN:61,(anonymous_3)
FN:66,(anonymous_4)
FN:119,retrieveFromPath
FN:127,generateReviver
FN:128,(anonymous_7)
FN:142,regenerateArray
FN:149,regenerateObject
FN:158,regenerate
FN:188,stringify
FN:195,parse
FNF:12
FNH:12
FNDA:153,(anonymous_1)
FNDA:20,generateReplacer
FNDA:5,(anonymous_3)
FNDA:133,(anonymous_4)
FNDA:11,retrieveFromPath
FNDA:15,generateReviver
FNDA:112,(anonymous_7)
FNDA:9,regenerateArray
FNDA:42,regenerateObject
FNDA:115,regenerate
FNDA:20,stringify
FNDA:15,parse
DA:23,1
DA:39,153
DA:40,153
DA:47,1
DA:48,20
DA:59,20
DA:60,4
DA:62,5
DA:66,20
DA:71,133
DA:74,133
DA:75,113
DA:76,25
DA:77,25
DA:78,25
DA:79,25
DA:80,25
DA:83,113
DA:86,64
DA:87,48
DA:89,64
DA:90,64
DA:91,64
DA:92,36
DA:93,36
DA:95,35
DA:96,35
DA:98,1
DA:101,28
DA:104,49
DA:108,21
DA:113,20
DA:115,133
DA:119,1
DA:120,11
DA:124,11
DA:127,1
DA:128,15
DA:129,112
DA:130,112
DA:131,25
DA:133,87
DA:136,87
DA:138,87
DA:142,1
DA:143,9
DA:144,16
DA:146,9
DA:149,1
DA:150,42
DA:151,86
DA:152,83
DA:155,42
DA:158,1
DA:159,115
DA:187,1
DA:189,20
DA:196,15
DA:207,1
LF:59
LH:59
BRDA:38,1,0,1
BRDA:38,1,1,1
BRDA:39,2,0,448
BRDA:39,2,1,364
BRDA:54,3,0,19
BRDA:54,3,1,1
BRDA:59,4,0,4
BRDA:59,4,1,16
BRDA:60,5,0,1
BRDA:60,5,1,3
BRDA:62,6,0,2
BRDA:62,6,1,3
BRDA:62,7,0,5
BRDA:62,7,1,4
BRDA:71,8,0,15
BRDA:71,8,1,118
BRDA:74,9,0,113
BRDA:74,9,1,20
BRDA:75,10,0,25
BRDA:75,10,1,88
BRDA:83,11,0,64
BRDA:83,11,1,49
BRDA:83,12,0,113
BRDA:83,12,1,64
BRDA:86,13,0,48
BRDA:86,13,1,16
BRDA:91,14,0,36
BRDA:91,14,1,28
BRDA:93,15,0,35
BRDA:93,15,1,1
BRDA:104,16,0,21
BRDA:104,16,1,28
BRDA:104,17,0,49
BRDA:104,17,1,21
BRDA:130,18,0,25
BRDA:130,18,1,87
BRDA:130,19,0,112
BRDA:130,19,1,48
BRDA:133,20,0,16
BRDA:133,20,1,71
BRDA:136,21,0,23
BRDA:136,21,1,64
BRDA:138,22,0,3
BRDA:138,22,1,84
BRDA:151,23,0,83
BRDA:151,23,1,3
BRDA:159,24,0,9
BRDA:159,24,1,106
BRDA:163,25,0,25
BRDA:163,25,1,81
BRDA:166,26,0,17
BRDA:166,26,1,8
BRDA:168,27,0,6
BRDA:168,27,1,11
BRDA:177,28,0,42
BRDA:177,28,1,39
BRF:56
BRH:56
end_of_record
