TN:
SF:/Users/andreagiammarchi/code/circular-json/build/circular-json.node.js
FN:38,(anonymous_1)
FN:47,generateReplacer
FN:57,(anonymous_3)
FN:109,retrieveFromPath
FN:117,generateReviver
FN:118,(anonymous_6)
FN:132,regenerateArray
FN:139,regenerateObject
FN:148,regenerate
FN:177,stringifyRecursion
FN:181,parseRecursion
FNF:11
FNH:11
FNDA:142,(anonymous_1)
FNDA:18,generateReplacer
FNDA:122,(anonymous_3)
FNDA:10,retrieveFromPath
FNDA:14,generateReviver
FNDA:106,(anonymous_6)
FNDA:9,regenerateArray
FNDA:36,regenerateObject
FNDA:106,regenerate
FNDA:18,stringifyRecursion
FNDA:14,parseRecursion
DA:23,1
DA:39,142
DA:40,142
DA:47,1
DA:48,18
DA:57,18
DA:62,122
DA:66,122
DA:67,104
DA:68,24
DA:69,24
DA:70,24
DA:71,24
DA:72,24
DA:75,104
DA:78,59
DA:79,43
DA:81,59
DA:82,59
DA:83,59
DA:84,32
DA:85,32
DA:87,31
DA:88,31
DA:90,1
DA:93,27
DA:96,45
DA:100,21
DA:105,122
DA:109,1
DA:110,10
DA:114,10
DA:117,1
DA:118,14
DA:119,106
DA:120,106
DA:121,24
DA:123,82
DA:126,82
DA:128,82
DA:132,1
DA:133,9
DA:134,16
DA:136,9
DA:139,1
DA:140,36
DA:141,79
DA:142,76
DA:145,36
DA:148,1
DA:149,106
DA:177,1
DA:178,18
DA:181,1
DA:182,14
DA:184,1
DA:185,1
LF:57
LH:57
BRDA:38,1,0,1
BRDA:38,1,1,1
BRDA:39,2,0,418
BRDA:39,2,1,343
BRDA:52,3,0,17
BRDA:52,3,1,1
BRDA:62,4,0,10
BRDA:62,4,1,112
BRDA:66,5,0,104
BRDA:66,5,1,18
BRDA:67,6,0,24
BRDA:67,6,1,80
BRDA:75,7,0,59
BRDA:75,7,1,45
BRDA:75,8,0,104
BRDA:75,8,1,59
BRDA:78,9,0,43
BRDA:78,9,1,16
BRDA:83,10,0,32
BRDA:83,10,1,27
BRDA:85,11,0,31
BRDA:85,11,1,1
BRDA:96,12,0,21
BRDA:96,12,1,24
BRDA:96,13,0,45
BRDA:96,13,1,21
BRDA:120,14,0,24
BRDA:120,14,1,82
BRDA:120,15,0,106
BRDA:120,15,1,47
BRDA:123,16,0,14
BRDA:123,16,1,68
BRDA:126,17,0,23
BRDA:126,17,1,59
BRDA:128,18,0,3
BRDA:128,18,1,79
BRDA:141,19,0,76
BRDA:141,19,1,3
BRDA:149,20,0,9
BRDA:149,20,1,97
BRDA:153,21,0,24
BRDA:153,21,1,73
BRDA:156,22,0,16
BRDA:156,22,1,8
BRDA:158,23,0,6
BRDA:158,23,1,10
BRDA:167,24,0,36
BRDA:167,24,1,37
BRF:48
BRH:48
end_of_record
